Determining if the pthread_create exist failed with the following output:
Change Dir: /home/june/catkin_ws/build_isolated/xpp/CMakeFiles/CMakeTmp

Run Build Command:"/usr/bin/make" "cmTC_c79ab/fast"
/usr/bin/make -f CMakeFiles/cmTC_c79ab.dir/build.make CMakeFiles/cmTC_c79ab.dir/build
make[1]: Entering directory '/home/june/catkin_ws/build_isolated/xpp/CMakeFiles/CMakeTmp'
Building C object CMakeFiles/cmTC_c79ab.dir/CheckSymbolExists.c.o
/usr/bin/cc     -o CMakeFiles/cmTC_c79ab.dir/CheckSymbolExists.c.o   -c /home/june/catkin_ws/build_isolated/xpp/CMakeFiles/CMakeTmp/CheckSymbolExists.c
Linking C executable cmTC_c79ab
/usr/bin/cmake -E cmake_link_script CMakeFiles/cmTC_c79ab.dir/link.txt --verbose=1
/usr/bin/cc       CMakeFiles/cmTC_c79ab.dir/CheckSymbolExists.c.o  -o cmTC_c79ab -rdynamic 
CMakeFiles/cmTC_c79ab.dir/CheckSymbolExists.c.o: In function `main':
CheckSymbolExists.c:(.text+0x16): undefined reference to `pthread_create'
collect2: error: ld returned 1 exit status
CMakeFiles/cmTC_c79ab.dir/build.make:97: recipe for target 'cmTC_c79ab' failed
make[1]: *** [cmTC_c79ab] Error 1
make[1]: Leaving directory '/home/june/catkin_ws/build_isolated/xpp/CMakeFiles/CMakeTmp'
Makefile:126: recipe for target 'cmTC_c79ab/fast' failed
make: *** [cmTC_c79ab/fast] Error 2

File /home/june/catkin_ws/build_isolated/xpp/CMakeFiles/CMakeTmp/CheckSymbolExists.c:
/* */
#include <pthread.h>

int main(int argc, char** argv)
{
  (void)argv;
#ifndef pthread_create
  return ((int*)(&pthread_create))[argc];
#else
  (void)argc;
  return 0;
#endif
}

Determining if the function pthread_create exists in the pthreads failed with the following output:
Change Dir: /home/june/catkin_ws/build_isolated/xpp/CMakeFiles/CMakeTmp

Run Build Command:"/usr/bin/make" "cmTC_33768/fast"
/usr/bin/make -f CMakeFiles/cmTC_33768.dir/build.make CMakeFiles/cmTC_33768.dir/build
make[1]: Entering directory '/home/june/catkin_ws/build_isolated/xpp/CMakeFiles/CMakeTmp'
Building C object CMakeFiles/cmTC_33768.dir/CheckFunctionExists.c.o
/usr/bin/cc    -DCHECK_FUNCTION_EXISTS=pthread_create   -o CMakeFiles/cmTC_33768.dir/CheckFunctionExists.c.o   -c /usr/share/cmake-3.5/Modules/CheckFunctionExists.c
Linking C executable cmTC_33768
/usr/bin/cmake -E cmake_link_script CMakeFiles/cmTC_33768.dir/link.txt --verbose=1
/usr/bin/cc   -DCHECK_FUNCTION_EXISTS=pthread_create    CMakeFiles/cmTC_33768.dir/CheckFunctionExists.c.o  -o cmTC_33768 -rdynamic -lpthreads 
/usr/bin/ld: cannot find -lpthreads
collect2: error: ld returned 1 exit status
CMakeFiles/cmTC_33768.dir/build.make:97: recipe for target 'cmTC_33768' failed
make[1]: *** [cmTC_33768] Error 1
make[1]: Leaving directory '/home/june/catkin_ws/build_isolated/xpp/CMakeFiles/CMakeTmp'
Makefile:126: recipe for target 'cmTC_33768/fast' failed
make: *** [cmTC_33768/fast] Error 2


