Determining if the pthread_create exist failed with the following output:
Change Dir: /home/june/catkin_ws/build_isolated/xpp_hyq/CMakeFiles/CMakeTmp

Run Build Command:"/usr/bin/make" "cmTC_c4ccc/fast"
/usr/bin/make -f CMakeFiles/cmTC_c4ccc.dir/build.make CMakeFiles/cmTC_c4ccc.dir/build
make[1]: Entering directory '/home/june/catkin_ws/build_isolated/xpp_hyq/CMakeFiles/CMakeTmp'
Building C object CMakeFiles/cmTC_c4ccc.dir/CheckSymbolExists.c.o
/usr/bin/cc     -o CMakeFiles/cmTC_c4ccc.dir/CheckSymbolExists.c.o   -c /home/june/catkin_ws/build_isolated/xpp_hyq/CMakeFiles/CMakeTmp/CheckSymbolExists.c
Linking C executable cmTC_c4ccc
/usr/bin/cmake -E cmake_link_script CMakeFiles/cmTC_c4ccc.dir/link.txt --verbose=1
/usr/bin/cc       CMakeFiles/cmTC_c4ccc.dir/CheckSymbolExists.c.o  -o cmTC_c4ccc -rdynamic 
CMakeFiles/cmTC_c4ccc.dir/CheckSymbolExists.c.o: In function `main':
CheckSymbolExists.c:(.text+0x16): undefined reference to `pthread_create'
collect2: error: ld returned 1 exit status
CMakeFiles/cmTC_c4ccc.dir/build.make:97: recipe for target 'cmTC_c4ccc' failed
make[1]: *** [cmTC_c4ccc] Error 1
make[1]: Leaving directory '/home/june/catkin_ws/build_isolated/xpp_hyq/CMakeFiles/CMakeTmp'
Makefile:126: recipe for target 'cmTC_c4ccc/fast' failed
make: *** [cmTC_c4ccc/fast] Error 2

File /home/june/catkin_ws/build_isolated/xpp_hyq/CMakeFiles/CMakeTmp/CheckSymbolExists.c:
/* */
#include <pthread.h>

int main(int argc, char** argv)
{
  (void)argv;
#ifndef pthread_create
  return ((int*)(&pthread_create))[argc];
#else
  (void)argc;
  return 0;
#endif
}

Determining if the function pthread_create exists in the pthreads failed with the following output:
Change Dir: /home/june/catkin_ws/build_isolated/xpp_hyq/CMakeFiles/CMakeTmp

Run Build Command:"/usr/bin/make" "cmTC_37ce9/fast"
/usr/bin/make -f CMakeFiles/cmTC_37ce9.dir/build.make CMakeFiles/cmTC_37ce9.dir/build
make[1]: Entering directory '/home/june/catkin_ws/build_isolated/xpp_hyq/CMakeFiles/CMakeTmp'
Building C object CMakeFiles/cmTC_37ce9.dir/CheckFunctionExists.c.o
/usr/bin/cc    -DCHECK_FUNCTION_EXISTS=pthread_create   -o CMakeFiles/cmTC_37ce9.dir/CheckFunctionExists.c.o   -c /usr/share/cmake-3.5/Modules/CheckFunctionExists.c
Linking C executable cmTC_37ce9
/usr/bin/cmake -E cmake_link_script CMakeFiles/cmTC_37ce9.dir/link.txt --verbose=1
/usr/bin/cc   -DCHECK_FUNCTION_EXISTS=pthread_create    CMakeFiles/cmTC_37ce9.dir/CheckFunctionExists.c.o  -o cmTC_37ce9 -rdynamic -lpthreads 
/usr/bin/ld: cannot find -lpthreads
collect2: error: ld returned 1 exit status
CMakeFiles/cmTC_37ce9.dir/build.make:97: recipe for target 'cmTC_37ce9' failed
make[1]: *** [cmTC_37ce9] Error 1
make[1]: Leaving directory '/home/june/catkin_ws/build_isolated/xpp_hyq/CMakeFiles/CMakeTmp'
Makefile:126: recipe for target 'cmTC_37ce9/fast' failed
make: *** [cmTC_37ce9/fast] Error 2


