Determining if the pthread_create exist failed with the following output:
Change Dir: /home/june/catkin_ws/build_isolated/xpp_vis/CMakeFiles/CMakeTmp

Run Build Command:"/usr/bin/make" "cmTC_2a185/fast"
/usr/bin/make -f CMakeFiles/cmTC_2a185.dir/build.make CMakeFiles/cmTC_2a185.dir/build
make[1]: Entering directory '/home/june/catkin_ws/build_isolated/xpp_vis/CMakeFiles/CMakeTmp'
Building C object CMakeFiles/cmTC_2a185.dir/CheckSymbolExists.c.o
/usr/bin/cc     -o CMakeFiles/cmTC_2a185.dir/CheckSymbolExists.c.o   -c /home/june/catkin_ws/build_isolated/xpp_vis/CMakeFiles/CMakeTmp/CheckSymbolExists.c
Linking C executable cmTC_2a185
/usr/bin/cmake -E cmake_link_script CMakeFiles/cmTC_2a185.dir/link.txt --verbose=1
/usr/bin/cc       CMakeFiles/cmTC_2a185.dir/CheckSymbolExists.c.o  -o cmTC_2a185 -rdynamic 
CMakeFiles/cmTC_2a185.dir/CheckSymbolExists.c.o: In function `main':
CheckSymbolExists.c:(.text+0x16): undefined reference to `pthread_create'
collect2: error: ld returned 1 exit status
CMakeFiles/cmTC_2a185.dir/build.make:97: recipe for target 'cmTC_2a185' failed
make[1]: *** [cmTC_2a185] Error 1
make[1]: Leaving directory '/home/june/catkin_ws/build_isolated/xpp_vis/CMakeFiles/CMakeTmp'
Makefile:126: recipe for target 'cmTC_2a185/fast' failed
make: *** [cmTC_2a185/fast] Error 2

File /home/june/catkin_ws/build_isolated/xpp_vis/CMakeFiles/CMakeTmp/CheckSymbolExists.c:
/* */
#include <pthread.h>

int main(int argc, char** argv)
{
  (void)argv;
#ifndef pthread_create
  return ((int*)(&pthread_create))[argc];
#else
  (void)argc;
  return 0;
#endif
}

Determining if the function pthread_create exists in the pthreads failed with the following output:
Change Dir: /home/june/catkin_ws/build_isolated/xpp_vis/CMakeFiles/CMakeTmp

Run Build Command:"/usr/bin/make" "cmTC_78f19/fast"
/usr/bin/make -f CMakeFiles/cmTC_78f19.dir/build.make CMakeFiles/cmTC_78f19.dir/build
make[1]: Entering directory '/home/june/catkin_ws/build_isolated/xpp_vis/CMakeFiles/CMakeTmp'
Building C object CMakeFiles/cmTC_78f19.dir/CheckFunctionExists.c.o
/usr/bin/cc    -DCHECK_FUNCTION_EXISTS=pthread_create   -o CMakeFiles/cmTC_78f19.dir/CheckFunctionExists.c.o   -c /usr/share/cmake-3.5/Modules/CheckFunctionExists.c
Linking C executable cmTC_78f19
/usr/bin/cmake -E cmake_link_script CMakeFiles/cmTC_78f19.dir/link.txt --verbose=1
/usr/bin/cc   -DCHECK_FUNCTION_EXISTS=pthread_create    CMakeFiles/cmTC_78f19.dir/CheckFunctionExists.c.o  -o cmTC_78f19 -rdynamic -lpthreads 
/usr/bin/ld: cannot find -lpthreads
collect2: error: ld returned 1 exit status
CMakeFiles/cmTC_78f19.dir/build.make:97: recipe for target 'cmTC_78f19' failed
make[1]: *** [cmTC_78f19] Error 1
make[1]: Leaving directory '/home/june/catkin_ws/build_isolated/xpp_vis/CMakeFiles/CMakeTmp'
Makefile:126: recipe for target 'cmTC_78f19/fast' failed
make: *** [cmTC_78f19/fast] Error 2


