Determining if the pthread_create exist failed with the following output:
Change Dir: /home/june/catkin_ws/build_isolated/towr_ros/CMakeFiles/CMakeTmp

Run Build Command:"/usr/bin/make" "cmTC_67b5e/fast"
/usr/bin/make -f CMakeFiles/cmTC_67b5e.dir/build.make CMakeFiles/cmTC_67b5e.dir/build
make[1]: Entering directory '/home/june/catkin_ws/build_isolated/towr_ros/CMakeFiles/CMakeTmp'
Building C object CMakeFiles/cmTC_67b5e.dir/CheckSymbolExists.c.o
/usr/bin/cc     -o CMakeFiles/cmTC_67b5e.dir/CheckSymbolExists.c.o   -c /home/june/catkin_ws/build_isolated/towr_ros/CMakeFiles/CMakeTmp/CheckSymbolExists.c
Linking C executable cmTC_67b5e
/usr/bin/cmake -E cmake_link_script CMakeFiles/cmTC_67b5e.dir/link.txt --verbose=1
/usr/bin/cc       CMakeFiles/cmTC_67b5e.dir/CheckSymbolExists.c.o  -o cmTC_67b5e -rdynamic 
CMakeFiles/cmTC_67b5e.dir/CheckSymbolExists.c.o: In function `main':
CheckSymbolExists.c:(.text+0x16): undefined reference to `pthread_create'
collect2: error: ld returned 1 exit status
CMakeFiles/cmTC_67b5e.dir/build.make:97: recipe for target 'cmTC_67b5e' failed
make[1]: *** [cmTC_67b5e] Error 1
make[1]: Leaving directory '/home/june/catkin_ws/build_isolated/towr_ros/CMakeFiles/CMakeTmp'
Makefile:126: recipe for target 'cmTC_67b5e/fast' failed
make: *** [cmTC_67b5e/fast] Error 2

File /home/june/catkin_ws/build_isolated/towr_ros/CMakeFiles/CMakeTmp/CheckSymbolExists.c:
/* */
#include <pthread.h>

int main(int argc, char** argv)
{
  (void)argv;
#ifndef pthread_create
  return ((int*)(&pthread_create))[argc];
#else
  (void)argc;
  return 0;
#endif
}

Determining if the function pthread_create exists in the pthreads failed with the following output:
Change Dir: /home/june/catkin_ws/build_isolated/towr_ros/CMakeFiles/CMakeTmp

Run Build Command:"/usr/bin/make" "cmTC_6e162/fast"
/usr/bin/make -f CMakeFiles/cmTC_6e162.dir/build.make CMakeFiles/cmTC_6e162.dir/build
make[1]: Entering directory '/home/june/catkin_ws/build_isolated/towr_ros/CMakeFiles/CMakeTmp'
Building C object CMakeFiles/cmTC_6e162.dir/CheckFunctionExists.c.o
/usr/bin/cc    -DCHECK_FUNCTION_EXISTS=pthread_create   -o CMakeFiles/cmTC_6e162.dir/CheckFunctionExists.c.o   -c /usr/share/cmake-3.5/Modules/CheckFunctionExists.c
Linking C executable cmTC_6e162
/usr/bin/cmake -E cmake_link_script CMakeFiles/cmTC_6e162.dir/link.txt --verbose=1
/usr/bin/cc   -DCHECK_FUNCTION_EXISTS=pthread_create    CMakeFiles/cmTC_6e162.dir/CheckFunctionExists.c.o  -o cmTC_6e162 -rdynamic -lpthreads 
/usr/bin/ld: cannot find -lpthreads
collect2: error: ld returned 1 exit status
CMakeFiles/cmTC_6e162.dir/build.make:97: recipe for target 'cmTC_6e162' failed
make[1]: *** [cmTC_6e162] Error 1
make[1]: Leaving directory '/home/june/catkin_ws/build_isolated/towr_ros/CMakeFiles/CMakeTmp'
Makefile:126: recipe for target 'cmTC_6e162/fast' failed
make: *** [cmTC_6e162/fast] Error 2


