Determining if the pthread_create exist failed with the following output:
Change Dir: /home/june/catkin_ws/build_isolated/xpp_states/CMakeFiles/CMakeTmp

Run Build Command:"/usr/bin/make" "cmTC_1016f/fast"
/usr/bin/make -f CMakeFiles/cmTC_1016f.dir/build.make CMakeFiles/cmTC_1016f.dir/build
make[1]: Entering directory '/home/june/catkin_ws/build_isolated/xpp_states/CMakeFiles/CMakeTmp'
Building C object CMakeFiles/cmTC_1016f.dir/CheckSymbolExists.c.o
/usr/bin/cc     -o CMakeFiles/cmTC_1016f.dir/CheckSymbolExists.c.o   -c /home/june/catkin_ws/build_isolated/xpp_states/CMakeFiles/CMakeTmp/CheckSymbolExists.c
Linking C executable cmTC_1016f
/usr/bin/cmake -E cmake_link_script CMakeFiles/cmTC_1016f.dir/link.txt --verbose=1
/usr/bin/cc       CMakeFiles/cmTC_1016f.dir/CheckSymbolExists.c.o  -o cmTC_1016f -rdynamic 
CMakeFiles/cmTC_1016f.dir/CheckSymbolExists.c.o: In function `main':
CheckSymbolExists.c:(.text+0x16): undefined reference to `pthread_create'
collect2: error: ld returned 1 exit status
CMakeFiles/cmTC_1016f.dir/build.make:97: recipe for target 'cmTC_1016f' failed
make[1]: *** [cmTC_1016f] Error 1
make[1]: Leaving directory '/home/june/catkin_ws/build_isolated/xpp_states/CMakeFiles/CMakeTmp'
Makefile:126: recipe for target 'cmTC_1016f/fast' failed
make: *** [cmTC_1016f/fast] Error 2

File /home/june/catkin_ws/build_isolated/xpp_states/CMakeFiles/CMakeTmp/CheckSymbolExists.c:
/* */
#include <pthread.h>

int main(int argc, char** argv)
{
  (void)argv;
#ifndef pthread_create
  return ((int*)(&pthread_create))[argc];
#else
  (void)argc;
  return 0;
#endif
}

Determining if the function pthread_create exists in the pthreads failed with the following output:
Change Dir: /home/june/catkin_ws/build_isolated/xpp_states/CMakeFiles/CMakeTmp

Run Build Command:"/usr/bin/make" "cmTC_673dc/fast"
/usr/bin/make -f CMakeFiles/cmTC_673dc.dir/build.make CMakeFiles/cmTC_673dc.dir/build
make[1]: Entering directory '/home/june/catkin_ws/build_isolated/xpp_states/CMakeFiles/CMakeTmp'
Building C object CMakeFiles/cmTC_673dc.dir/CheckFunctionExists.c.o
/usr/bin/cc    -DCHECK_FUNCTION_EXISTS=pthread_create   -o CMakeFiles/cmTC_673dc.dir/CheckFunctionExists.c.o   -c /usr/share/cmake-3.5/Modules/CheckFunctionExists.c
Linking C executable cmTC_673dc
/usr/bin/cmake -E cmake_link_script CMakeFiles/cmTC_673dc.dir/link.txt --verbose=1
/usr/bin/cc   -DCHECK_FUNCTION_EXISTS=pthread_create    CMakeFiles/cmTC_673dc.dir/CheckFunctionExists.c.o  -o cmTC_673dc -rdynamic -lpthreads 
/usr/bin/ld: cannot find -lpthreads
collect2: error: ld returned 1 exit status
CMakeFiles/cmTC_673dc.dir/build.make:97: recipe for target 'cmTC_673dc' failed
make[1]: *** [cmTC_673dc] Error 1
make[1]: Leaving directory '/home/june/catkin_ws/build_isolated/xpp_states/CMakeFiles/CMakeTmp'
Makefile:126: recipe for target 'cmTC_673dc/fast' failed
make: *** [cmTC_673dc/fast] Error 2


